#
# There is insufficient memory for the Java Runtime Environment to continue.
# Native memory allocation (malloc) failed to allocate 1959216 bytes for Chunk::new
# Possible reasons:
#   The system is out of physical RAM or swap space
#   The process is running with CompressedOops enabled, and the Java Heap may be blocking the growth of the native heap
# Possible solutions:
#   Reduce memory load on the system
#   Increase physical memory or swap space
#   Check if swap backing store is full
#   Decrease Java heap size (-Xmx/-Xms)
#   Decrease number of Java threads
#   Decrease Java thread stack sizes (-Xss)
#   Set larger code cache with -XX:ReservedCodeCacheSize=
#   JVM is running with Unscaled Compressed Oops mode in which the Java heap is
#     placed in the first 4GB address space. The Java Heap base address is the
#     maximum limit for the native heap growth. Please use -XX:HeapBaseMinAddress
#     to set the Java Heap base and to place the Java Heap above 4GB virtual address.
# This output file may be truncated or incomplete.
#
#  Out of Memory Error (t:/workspace/open/src/hotspot/share/memory/arena.cpp:197), pid=9052, tid=21644
#
# JRE version: OpenJDK Runtime Environment (11.0+28) (build 11+28)
# Java VM: OpenJDK 64-Bit Server VM (11+28, mixed mode, tiered, compressed oops, g1 gc, windows-amd64)
# No core dump will be written. Minidumps are not enabled by default on client versions of Windows
#

---------------  S U M M A R Y ------------

Command Line: --add-opens=java.base/java.util=ALL-UNNAMED --add-opens=java.base/java.lang=ALL-UNNAMED --add-opens=java.base/java.lang.invoke=ALL-UNNAMED --add-opens=java.prefs/java.util.prefs=ALL-UNNAMED --add-opens=java.base/java.nio.charset=ALL-UNNAMED --add-opens=java.base/java.net=ALL-UNNAMED --add-opens=java.base/java.util.concurrent.atomic=ALL-UNNAMED -XX:MaxMetaspaceSize=256m -XX:+HeapDumpOnOutOfMemoryError -Xms256m -Xmx512m -Dfile.encoding=x-windows-949 -Duser.country=KR -Duser.language=ko -Duser.variant org.gradle.launcher.daemon.bootstrap.GradleDaemon 7.6.1

Host: Intel(R) Core(TM) i7-7700HQ CPU @ 2.80GHz, 8 cores, 15G,  Windows 10 , 64 bit Build 19041 (10.0.19041.2913)
Time: Tue Jun  6 01:17:40 2023 대한민국 표준시 elapsed time: 8 seconds (0d 0h 0m 8s)

---------------  T H R E A D  ---------------

Current thread (0x0000021e4d16d800):  JavaThread "C2 CompilerThread0" daemon [_thread_in_native, id=21644, stack(0x000000fae2700000,0x000000fae2800000)]


Current CompileTask:
C2:   8085 5133       4       sun.reflect.generics.parser.SignatureParser::parsePackageNameAndSimpleClassTypeSignature (119 bytes)

Stack: [0x000000fae2700000,0x000000fae2800000]
Native frames: (J=compiled Java code, j=interpreted, Vv=VM code, C=native code)
V  [jvm.dll+0x63adaa]
V  [jvm.dll+0x77852f]
V  [jvm.dll+0x779b18]
V  [jvm.dll+0x77a1d3]
V  [jvm.dll+0x2624c8]
V  [jvm.dll+0xc5b61]
V  [jvm.dll+0xc60fc]
V  [jvm.dll+0x36e6d7]
V  [jvm.dll+0x33b433]
V  [jvm.dll+0x33a80a]
V  [jvm.dll+0x21c365]
V  [jvm.dll+0x21b50a]
V  [jvm.dll+0x198400]
V  [jvm.dll+0x22a4ff]
V  [jvm.dll+0x228b18]
V  [jvm.dll+0x73dc3d]
V  [jvm.dll+0x639e42]
C  [ucrtbase.dll+0x21bb2]
C  [KERNEL32.DLL+0x17614]
C  [ntdll.dll+0x526a1]


---------------  P R O C E S S  ---------------

Threads class SMR info:
_java_thread_list=0x0000021e5075a220, length=70, elements={
0x0000021e30d32800, 0x0000021e4c84c800, 0x0000021e4c855800, 0x0000021e4c876000,
0x0000021e4d16c800, 0x0000021e4d16d800, 0x0000021e4d173000, 0x0000021e4c878000,
0x0000021e4d2d4800, 0x0000021e4d31d000, 0x0000021e500c0800, 0x0000021e4d588800,
0x0000021e4ebf1800, 0x0000021e4e977800, 0x0000021e4e471000, 0x0000021e4f175000,
0x0000021e4f175800, 0x0000021e50017800, 0x0000021e4f32f800, 0x0000021e4f330800,
0x0000021e4ffcd000, 0x0000021e4ffc7000, 0x0000021e4ffc9000, 0x0000021e4ec9c000,
0x0000021e4f97c800, 0x0000021e4ffca800, 0x0000021e4ffc8000, 0x0000021e4ffcd800,
0x0000021e4ffc9800, 0x0000021e4ffcb000, 0x0000021e4ffcc000, 0x0000021e52cf3000,
0x0000021e52cf6800, 0x0000021e52cf2000, 0x0000021e52cf5800, 0x0000021e52cf7000,
0x0000021e52cf1800, 0x0000021e52cfd800, 0x0000021e52cf9000, 0x0000021e52cf9800,
0x0000021e52cfb000, 0x0000021e52cfd000, 0x0000021e52cfa800, 0x0000021e52cfc000,
0x0000021e52cf8000, 0x0000021e52cff800, 0x0000021e52cfe800, 0x0000021e52d00000,
0x0000021e506a0000, 0x0000021e5069d800, 0x0000021e5069e000, 0x0000021e5069a000,
0x0000021e506a0800, 0x0000021e5069f000, 0x0000021e5069b000, 0x0000021e5069b800,
0x0000021e506a2800, 0x0000021e506a1800, 0x0000021e5069c800, 0x0000021e506a4800,
0x0000021e506a3000, 0x0000021e506a4000, 0x0000021e506a8000, 0x0000021e506a9000,
0x0000021e506a5800, 0x0000021e506a6800, 0x0000021e506a7000, 0x0000021e54629000,
0x0000021e5462a000, 0x0000021e5462c000
}

Java Threads: ( => current thread )
  0x0000021e30d32800 JavaThread "main" [_thread_blocked, id=1336, stack(0x000000fae1c00000,0x000000fae1d00000)]
  0x0000021e4c84c800 JavaThread "Reference Handler" daemon [_thread_blocked, id=24096, stack(0x000000fae2300000,0x000000fae2400000)]
  0x0000021e4c855800 JavaThread "Finalizer" daemon [_thread_blocked, id=22912, stack(0x000000fae2400000,0x000000fae2500000)]
  0x0000021e4c876000 JavaThread "Signal Dispatcher" daemon [_thread_blocked, id=5304, stack(0x000000fae2500000,0x000000fae2600000)]
  0x0000021e4d16c800 JavaThread "Attach Listener" daemon [_thread_blocked, id=14896, stack(0x000000fae2600000,0x000000fae2700000)]
=>0x0000021e4d16d800 JavaThread "C2 CompilerThread0" daemon [_thread_in_native, id=21644, stack(0x000000fae2700000,0x000000fae2800000)]
  0x0000021e4d173000 JavaThread "C1 CompilerThread0" daemon [_thread_blocked, id=16668, stack(0x000000fae2800000,0x000000fae2900000)]
  0x0000021e4c878000 JavaThread "Sweeper thread" daemon [_thread_blocked, id=21912, stack(0x000000fae2900000,0x000000fae2a00000)]
  0x0000021e4d2d4800 JavaThread "Common-Cleaner" daemon [_thread_blocked, id=17548, stack(0x000000fae2a00000,0x000000fae2b00000)]
  0x0000021e4d31d000 JavaThread "Service Thread" daemon [_thread_blocked, id=14124, stack(0x000000fae2b00000,0x000000fae2c00000)]
  0x0000021e500c0800 JavaThread "Daemon health stats" [_thread_blocked, id=24744, stack(0x000000fae3300000,0x000000fae3400000)]
  0x0000021e4d588800 JavaThread "Incoming local TCP Connector on port 63406" [_thread_in_native, id=9800, stack(0x000000fae2d00000,0x000000fae2e00000)]
  0x0000021e4ebf1800 JavaThread "Daemon periodic checks" [_thread_blocked, id=19596, stack(0x000000fae3400000,0x000000fae3500000)]
  0x0000021e4e977800 JavaThread "Daemon" [_thread_blocked, id=18040, stack(0x000000fae3500000,0x000000fae3600000)]
  0x0000021e4e471000 JavaThread "Handler for socket connection from /127.0.0.1:63406 to /127.0.0.1:63407" [_thread_in_native, id=22628, stack(0x000000fae3600000,0x000000fae3700000)]
  0x0000021e4f175000 JavaThread "Cancel handler" [_thread_blocked, id=1256, stack(0x000000fae3900000,0x000000fae3a00000)]
  0x0000021e4f175800 JavaThread "Daemon worker" [_thread_blocked, id=21348, stack(0x000000fae3a00000,0x000000fae3b00000)]
  0x0000021e50017800 JavaThread "Asynchronous log dispatcher for DefaultDaemonConnection: socket connection from /127.0.0.1:63406 to /127.0.0.1:63407" [_thread_blocked, id=13936, stack(0x000000fae3b00000,0x000000fae3c00000)]
  0x0000021e4f32f800 JavaThread "Stdin handler" [_thread_blocked, id=15024, stack(0x000000fae3c00000,0x000000fae3d00000)]
  0x0000021e4f330800 JavaThread "Daemon client event forwarder" [_thread_blocked, id=7412, stack(0x000000fae3d00000,0x000000fae3e00000)]
  0x0000021e4ffcd000 JavaThread "Cache worker for journal cache (C:\Users\sumsung\.gradle\caches\journal-1)" [_thread_blocked, id=16020, stack(0x000000fae3e00000,0x000000fae3f00000)]
  0x0000021e4ffc7000 JavaThread "File lock request listener" [_thread_in_native, id=18116, stack(0x000000fae3f00000,0x000000fae4000000)]
  0x0000021e4ffc9000 JavaThread "Cache worker for file hash cache (C:\Users\sumsung\.gradle\caches\7.6.1\fileHashes)" [_thread_blocked, id=25540, stack(0x000000fae4100000,0x000000fae4200000)]
  0x0000021e4ec9c000 JavaThread "C2 CompilerThread1" daemon [_thread_in_native, id=19360, stack(0x000000fae4200000,0x000000fae4300000)]
  0x0000021e4f97c800 JavaThread "C2 CompilerThread2" daemon [_thread_blocked, id=9344, stack(0x000000fae4300000,0x000000fae4400000)]
  0x0000021e4ffca800 JavaThread "File watcher server" daemon [_thread_in_native, id=20632, stack(0x000000fae4400000,0x000000fae4500000)]
  0x0000021e4ffc8000 JavaThread "File watcher consumer" daemon [_thread_blocked, id=19892, stack(0x000000fae4500000,0x000000fae4600000)]
  0x0000021e4ffcd800 JavaThread "Cache worker for checksums cache (D:\DOBBY\spring\untitled\.gradle\7.6.1\checksums)" [_thread_blocked, id=15328, stack(0x000000fae4600000,0x000000fae4700000)]
  0x0000021e4ffc9800 JavaThread "Cache worker for cache directory md-rule (C:\Users\sumsung\.gradle\caches\7.6.1\md-rule)" [_thread_blocked, id=10028, stack(0x000000fae4700000,0x000000fae4800000)]
  0x0000021e4ffcb000 JavaThread "Cache worker for file content cache (C:\Users\sumsung\.gradle\caches\7.6.1\fileContent)" [_thread_blocked, id=1936, stack(0x000000fae4800000,0x000000fae4900000)]
  0x0000021e4ffcc000 JavaThread "Cache worker for file hash cache (D:\DOBBY\spring\untitled\.gradle\7.6.1\fileHashes)" [_thread_blocked, id=22392, stack(0x000000fae4900000,0x000000fae4a00000)]
  0x0000021e52cf3000 JavaThread "Cache worker for cache directory md-supplier (C:\Users\sumsung\.gradle\caches\7.6.1\md-supplier)" [_thread_blocked, id=24000, stack(0x000000fae4a00000,0x000000fae4b00000)]
  0x0000021e52cf6800 JavaThread "Cache worker for execution history cache (C:\Users\sumsung\.gradle\caches\7.6.1\executionHistory)" [_thread_blocked, id=25032, stack(0x000000fae4b00000,0x000000fae4c00000)]
  0x0000021e52cf2000 JavaThread "jar transforms" [_thread_blocked, id=11676, stack(0x000000fae4c00000,0x000000fae4d00000)]
  0x0000021e52cf5800 JavaThread "jar transforms Thread 2" [_thread_blocked, id=10808, stack(0x000000fae4d00000,0x000000fae4e00000)]
  0x0000021e52cf7000 JavaThread "jar transforms Thread 3" [_thread_blocked, id=7984, stack(0x000000fae4e00000,0x000000fae4f00000)]
  0x0000021e52cf1800 JavaThread "jar transforms Thread 4" [_thread_blocked, id=23236, stack(0x000000fae4f00000,0x000000fae5000000)]
  0x0000021e52cfd800 JavaThread "jar transforms Thread 5" [_thread_blocked, id=4748, stack(0x000000fae5000000,0x000000fae5100000)]
  0x0000021e52cf9000 JavaThread "jar transforms Thread 6" [_thread_blocked, id=20944, stack(0x000000fae5100000,0x000000fae5200000)]
  0x0000021e52cf9800 JavaThread "jar transforms Thread 7" [_thread_blocked, id=18808, stack(0x000000fae5200000,0x000000fae5300000)]
  0x0000021e52cfb000 JavaThread "jar transforms Thread 8" [_thread_blocked, id=21356, stack(0x000000fae5300000,0x000000fae5400000)]
  0x0000021e52cfd000 JavaThread "Cache worker for dependencies-accessors (D:\DOBBY\spring\untitled\.gradle\7.6.1\dependencies-accessors)" [_thread_blocked, id=18372, stack(0x000000fae5400000,0x000000fae5500000)]
  0x0000021e52cfa800 JavaThread "Cache worker for Build Output Cleanup Cache (D:\DOBBY\spring\untitled\.gradle\buildOutputCleanup)" [_thread_blocked, id=3440, stack(0x000000fae5500000,0x000000fae5600000)]
  0x0000021e52cfc000 JavaThread "Unconstrained build operations" [_thread_blocked, id=23120, stack(0x000000fae5600000,0x000000fae5700000)]
  0x0000021e52cf8000 JavaThread "Unconstrained build operations Thread 2" [_thread_blocked, id=14028, stack(0x000000fae5700000,0x000000fae5800000)]
  0x0000021e52cff800 JavaThread "Unconstrained build operations Thread 3" [_thread_blocked, id=11744, stack(0x000000fae5800000,0x000000fae5900000)]
  0x0000021e52cfe800 JavaThread "Unconstrained build operations Thread 4" [_thread_blocked, id=9388, stack(0x000000fae5900000,0x000000fae5a00000)]
  0x0000021e52d00000 JavaThread "Unconstrained build operations Thread 5" [_thread_blocked, id=9120, stack(0x000000fae5a00000,0x000000fae5b00000)]
  0x0000021e506a0000 JavaThread "Unconstrained build operations Thread 6" [_thread_blocked, id=3680, stack(0x000000fae5b00000,0x000000fae5c00000)]
  0x0000021e5069d800 JavaThread "Unconstrained build operations Thread 7" [_thread_blocked, id=9620, stack(0x000000fae5c00000,0x000000fae5d00000)]
  0x0000021e5069e000 JavaThread "Unconstrained build operations Thread 8" [_thread_blocked, id=22036, stack(0x000000fae5d00000,0x000000fae5e00000)]
  0x0000021e5069a000 JavaThread "Unconstrained build operations Thread 9" [_thread_blocked, id=10420, stack(0x000000fae5e00000,0x000000fae5f00000)]
  0x0000021e506a0800 JavaThread "Unconstrained build operations Thread 10" [_thread_blocked, id=4476, stack(0x000000fae5f00000,0x000000fae6000000)]
  0x0000021e5069f000 JavaThread "Unconstrained build operations Thread 11" [_thread_blocked, id=24764, stack(0x000000fae6000000,0x000000fae6100000)]
  0x0000021e5069b000 JavaThread "Unconstrained build operations Thread 12" [_thread_blocked, id=22776, stack(0x000000fae6100000,0x000000fae6200000)]
  0x0000021e5069b800 JavaThread "Unconstrained build operations Thread 13" [_thread_blocked, id=8932, stack(0x000000fae6200000,0x000000fae6300000)]
  0x0000021e506a2800 JavaThread "Unconstrained build operations Thread 14" [_thread_blocked, id=6416, stack(0x000000fae6300000,0x000000fae6400000)]
  0x0000021e506a1800 JavaThread "Unconstrained build operations Thread 15" [_thread_blocked, id=18088, stack(0x000000fae6400000,0x000000fae6500000)]
  0x0000021e5069c800 JavaThread "Unconstrained build operations Thread 16" [_thread_blocked, id=21800, stack(0x000000fae6500000,0x000000fae6600000)]
  0x0000021e506a4800 JavaThread "Unconstrained build operations Thread 17" [_thread_blocked, id=18364, stack(0x000000fae6600000,0x000000fae6700000)]
  0x0000021e506a3000 JavaThread "Unconstrained build operations Thread 18" [_thread_blocked, id=16092, stack(0x000000fae6700000,0x000000fae6800000)]
  0x0000021e506a4000 JavaThread "Memory manager" [_thread_blocked, id=14920, stack(0x000000fae6800000,0x000000fae6900000)]
  0x0000021e506a8000 JavaThread "included builds" [_thread_in_vm, id=16480, stack(0x000000fae6900000,0x000000fae6a00000)]
  0x0000021e506a9000 JavaThread "Execution worker" [_thread_blocked, id=25544, stack(0x000000fae6a00000,0x000000fae6b00000)]
  0x0000021e506a5800 JavaThread "Execution worker Thread 2" [_thread_blocked, id=23528, stack(0x000000fae6b00000,0x000000fae6c00000)]
  0x0000021e506a6800 JavaThread "Execution worker Thread 3" [_thread_blocked, id=12684, stack(0x000000fae6c00000,0x000000fae6d00000)]
  0x0000021e506a7000 JavaThread "Execution worker Thread 4" [_thread_blocked, id=11148, stack(0x000000fae6d00000,0x000000fae6e00000)]
  0x0000021e54629000 JavaThread "Execution worker Thread 5" [_thread_blocked, id=16760, stack(0x000000fae6e00000,0x000000fae6f00000)]
  0x0000021e5462a000 JavaThread "Execution worker Thread 6" [_thread_blocked, id=15448, stack(0x000000fae6f00000,0x000000fae7000000)]
  0x0000021e5462c000 JavaThread "Execution worker Thread 7" [_thread_blocked, id=14308, stack(0x000000fae7000000,0x000000fae7100000)]

Other Threads:
  0x0000021e4c827000 VMThread "VM Thread" [stack: 0x000000fae2200000,0x000000fae2300000] [id=16724]
  0x0000021e4d31e000 WatcherThread [stack: 0x000000fae2c00000,0x000000fae2d00000] [id=12516]
  0x0000021e30d4c000 GCTaskThread "GC Thread#0" [stack: 0x000000fae1d00000,0x000000fae1e00000] [id=6928]
  0x0000021e4dd17800 GCTaskThread "GC Thread#1" [stack: 0x000000fae2e00000,0x000000fae2f00000] [id=15112]
  0x0000021e4df4a800 GCTaskThread "GC Thread#2" [stack: 0x000000fae2f00000,0x000000fae3000000] [id=1464]
  0x0000021e4df2d800 GCTaskThread "GC Thread#3" [stack: 0x000000fae3000000,0x000000fae3100000] [id=19588]
  0x0000021e4df81000 GCTaskThread "GC Thread#4" [stack: 0x000000fae3100000,0x000000fae3200000] [id=12020]
  0x0000021e4ddd7800 GCTaskThread "GC Thread#5" [stack: 0x000000fae3200000,0x000000fae3300000] [id=20052]
  0x0000021e4f6d4800 GCTaskThread "GC Thread#6" [stack: 0x000000fae3700000,0x000000fae3800000] [id=21688]
  0x0000021e4e2a9000 GCTaskThread "GC Thread#7" [stack: 0x000000fae3800000,0x000000fae3900000] [id=22244]
  0x0000021e30d5d800 ConcurrentGCThread "G1 Main Marker" [stack: 0x000000fae1e00000,0x000000fae1f00000] [id=17040]
  0x0000021e30d5f000 ConcurrentGCThread "G1 Conc#0" [stack: 0x000000fae1f00000,0x000000fae2000000] [id=5268]
  0x0000021e4f83e800 ConcurrentGCThread "G1 Conc#1" [stack: 0x000000fae4000000,0x000000fae4100000] [id=13436]
  0x0000021e4c6c0800 ConcurrentGCThread "G1 Refine#0" [stack: 0x000000fae2000000,0x000000fae2100000] [id=8092]
  0x0000021e4c6c1000 ConcurrentGCThread "G1 Young RemSet Sampling" [stack: 0x000000fae2100000,0x000000fae2200000] [id=2352]

Threads with active compile tasks:
C2 CompilerThread05133       4       sun.reflect.generics.parser.SignatureParser::parsePackageNameAndSimpleClassTypeSignature (119 bytes)
C2 CompilerThread14969 %     4       groovy.lang.MetaClassImpl::inheritInterfaceNewMetaMethods @ 100 (195 bytes)

VM state:not at safepoint (normal execution)

VM Mutex/Monitor currently owned by a thread: None

Heap address: 0x00000000e0000000, size: 512 MB, Compressed Oops mode: 32-bit
Narrow klass base: 0x0000000000000000, Narrow klass shift: 3
Compressed class space size: 260046848 Address: 0x0000000100000000

Heap:
 garbage-first heap   total 262144K, used 73621K [0x00000000e0000000, 0x0000000100000000)
  region size 1024K, 52 young (53248K), 17 survivors (17408K)
 Metaspace       used 56568K, capacity 58507K, committed 58620K, reserved 305152K
  class space    used 7573K, capacity 8262K, committed 8268K, reserved 253952K
Heap Regions: E=young(eden), S=young(survivor), O=old, HS=humongous(starts), HC=humongous(continues), CS=collection set, F=free, A=archive, TAMS=top-at-mark-start (previous, next)
|   0|0x00000000e0000000, 0x00000000e0100000, 0x00000000e0100000|100%|HS|  |TAMS 0x00000000e0100000, 0x00000000e0000000| Complete 
|   1|0x00000000e0100000, 0x00000000e0200000, 0x00000000e0200000|100%|HC|  |TAMS 0x00000000e0200000, 0x00000000e0100000| Complete 
|   2|0x00000000e0200000, 0x00000000e0300000, 0x00000000e0300000|100%|HC|  |TAMS 0x00000000e0300000, 0x00000000e0200000| Complete 
|   3|0x00000000e0300000, 0x00000000e0400000, 0x00000000e0400000|100%| O|  |TAMS 0x00000000e0400000, 0x00000000e0300000| Untracked 
|   4|0x00000000e0400000, 0x00000000e0500000, 0x00000000e0500000|100%| O|  |TAMS 0x00000000e0500000, 0x00000000e0400000| Untracked 
|   5|0x00000000e0500000, 0x00000000e0600000, 0x00000000e0600000|100%| O|  |TAMS 0x00000000e0600000, 0x00000000e0500000| Untracked 
|   6|0x00000000e0600000, 0x00000000e0700000, 0x00000000e0700000|100%| O|  |TAMS 0x00000000e0700000, 0x00000000e0600000| Untracked 
|   7|0x00000000e0700000, 0x00000000e0800000, 0x00000000e0800000|100%| O|  |TAMS 0x00000000e0800000, 0x00000000e0700000| Untracked 
|   8|0x00000000e0800000, 0x00000000e0900000, 0x00000000e0900000|100%| O|  |TAMS 0x00000000e0900000, 0x00000000e0800000| Untracked 
|   9|0x00000000e0900000, 0x00000000e0a00000, 0x00000000e0a00000|100%| O|  |TAMS 0x00000000e0a00000, 0x00000000e0900000| Untracked 
|  10|0x00000000e0a00000, 0x00000000e0b00000, 0x00000000e0b00000|100%| O|  |TAMS 0x00000000e0b00000, 0x00000000e0a00000| Untracked 
|  11|0x00000000e0b00000, 0x00000000e0c00000, 0x00000000e0c00000|100%| O|  |TAMS 0x00000000e0c00000, 0x00000000e0b00000| Untracked 
|  12|0x00000000e0c00000, 0x00000000e0d00000, 0x00000000e0d00000|100%| O|  |TAMS 0x00000000e0d00000, 0x00000000e0c00000| Untracked 
|  13|0x00000000e0d00000, 0x00000000e0e00000, 0x00000000e0e00000|100%| O|  |TAMS 0x00000000e0e00000, 0x00000000e0d00000| Untracked 
|  14|0x00000000e0e00000, 0x00000000e0f00000, 0x00000000e0f00000|100%| O|  |TAMS 0x00000000e0f00000, 0x00000000e0e00000| Untracked 
|  15|0x00000000e0f00000, 0x00000000e1000000, 0x00000000e1000000|100%| O|  |TAMS 0x00000000e0fa5600, 0x00000000e0f00000| Untracked 
|  16|0x00000000e1000000, 0x00000000e1100000, 0x00000000e1100000|100%| O|  |TAMS 0x00000000e1000000, 0x00000000e1000000| Untracked 
|  17|0x00000000e1100000, 0x00000000e1200000, 0x00000000e1200000|100%| O|  |TAMS 0x00000000e1100000, 0x00000000e1100000| Untracked 
|  18|0x00000000e1200000, 0x00000000e1300000, 0x00000000e1300000|100%| O|  |TAMS 0x00000000e1200000, 0x00000000e1200000| Untracked 
|  19|0x00000000e1300000, 0x00000000e1400000, 0x00000000e1400000|100%| O|  |TAMS 0x00000000e1300000, 0x00000000e1300000| Untracked 
|  20|0x00000000e1400000, 0x00000000e1500000, 0x00000000e1500000|100%| O|  |TAMS 0x00000000e1400000, 0x00000000e1400000| Untracked 
|  21|0x00000000e1500000, 0x00000000e159a400, 0x00000000e1600000| 60%| O|  |TAMS 0x00000000e1500000, 0x00000000e1500000| Untracked 
|  22|0x00000000e1600000, 0x00000000e1600000, 0x00000000e1700000|  0%| F|  |TAMS 0x00000000e1600000, 0x00000000e1600000| Untracked 
|  23|0x00000000e1700000, 0x00000000e1700000, 0x00000000e1800000|  0%| F|  |TAMS 0x00000000e1700000, 0x00000000e1700000| Untracked 
|  24|0x00000000e1800000, 0x00000000e1800000, 0x00000000e1900000|  0%| F|  |TAMS 0x00000000e1800000, 0x00000000e1800000| Untracked 
|  25|0x00000000e1900000, 0x00000000e1900000, 0x00000000e1a00000|  0%| F|  |TAMS 0x00000000e1900000, 0x00000000e1900000| Untracked 
|  26|0x00000000e1a00000, 0x00000000e1a00000, 0x00000000e1b00000|  0%| F|  |TAMS 0x00000000e1a00000, 0x00000000e1a00000| Untracked 
|  27|0x00000000e1b00000, 0x00000000e1b00000, 0x00000000e1c00000|  0%| F|  |TAMS 0x00000000e1b00000, 0x00000000e1b00000| Untracked 
|  28|0x00000000e1c00000, 0x00000000e1c00000, 0x00000000e1d00000|  0%| F|  |TAMS 0x00000000e1c00000, 0x00000000e1c00000| Untracked 
|  29|0x00000000e1d00000, 0x00000000e1d00000, 0x00000000e1e00000|  0%| F|  |TAMS 0x00000000e1d00000, 0x00000000e1d00000| Untracked 
|  30|0x00000000e1e00000, 0x00000000e1e00000, 0x00000000e1f00000|  0%| F|  |TAMS 0x00000000e1e00000, 0x00000000e1e00000| Untracked 
|  31|0x00000000e1f00000, 0x00000000e1f00000, 0x00000000e2000000|  0%| F|  |TAMS 0x00000000e1f00000, 0x00000000e1f00000| Untracked 
|  32|0x00000000e2000000, 0x00000000e2000000, 0x00000000e2100000|  0%| F|  |TAMS 0x00000000e2000000, 0x00000000e2000000| Untracked 
|  33|0x00000000e2100000, 0x00000000e2100000, 0x00000000e2200000|  0%| F|  |TAMS 0x00000000e2100000, 0x00000000e2100000| Untracked 
|  34|0x00000000e2200000, 0x00000000e2200000, 0x00000000e2300000|  0%| F|  |TAMS 0x00000000e2200000, 0x00000000e2200000| Untracked 
|  35|0x00000000e2300000, 0x00000000e2300000, 0x00000000e2400000|  0%| F|  |TAMS 0x00000000e2300000, 0x00000000e2300000| Untracked 
|  36|0x00000000e2400000, 0x00000000e2400000, 0x00000000e2500000|  0%| F|  |TAMS 0x00000000e2400000, 0x00000000e2400000| Untracked 
|  37|0x00000000e2500000, 0x00000000e2500000, 0x00000000e2600000|  0%| F|  |TAMS 0x00000000e2500000, 0x00000000e2500000| Untracked 
|  38|0x00000000e2600000, 0x00000000e2600000, 0x00000000e2700000|  0%| F|  |TAMS 0x00000000e2600000, 0x00000000e2600000| Untracked 
|  39|0x00000000e2700000, 0x00000000e2700000, 0x00000000e2800000|  0%| F|  |TAMS 0x00000000e2700000, 0x00000000e2700000| Untracked 
|  40|0x00000000e2800000, 0x00000000e2800000, 0x00000000e2900000|  0%| F|  |TAMS 0x00000000e2800000, 0x00000000e2800000| Untracked 
|  41|0x00000000e2900000, 0x00000000e2900000, 0x00000000e2a00000|  0%| F|  |TAMS 0x00000000e2900000, 0x00000000e2900000| Untracked 
|  42|0x00000000e2a00000, 0x00000000e2a00000, 0x00000000e2b00000|  0%| F|  |TAMS 0x00000000e2a00000, 0x00000000e2a00000| Untracked 
|  43|0x00000000e2b00000, 0x00000000e2b00000, 0x00000000e2c00000|  0%| F|  |TAMS 0x00000000e2b00000, 0x00000000e2b00000| Untracked 
|  44|0x00000000e2c00000, 0x00000000e2c00000, 0x00000000e2d00000|  0%| F|  |TAMS 0x00000000e2c00000, 0x00000000e2c00000| Untracked 
|  45|0x00000000e2d00000, 0x00000000e2d00000, 0x00000000e2e00000|  0%| F|  |TAMS 0x00000000e2d00000, 0x00000000e2d00000| Untracked 
|  46|0x00000000e2e00000, 0x00000000e2e00000, 0x00000000e2f00000|  0%| F|  |TAMS 0x00000000e2e00000, 0x00000000e2e00000| Untracked 
|  47|0x00000000e2f00000, 0x00000000e2f00000, 0x00000000e3000000|  0%| F|  |TAMS 0x00000000e2f00000, 0x00000000e2f00000| Untracked 
|  48|0x00000000e3000000, 0x00000000e3000000, 0x00000000e3100000|  0%| F|  |TAMS 0x00000000e3000000, 0x00000000e3000000| Untracked 
|  49|0x00000000e3100000, 0x00000000e3100000, 0x00000000e3200000|  0%| F|  |TAMS 0x00000000e3100000, 0x00000000e3100000| Untracked 
|  50|0x00000000e3200000, 0x00000000e3200000, 0x00000000e3300000|  0%| F|  |TAMS 0x00000000e3200000, 0x00000000e3200000| Untracked 
|  51|0x00000000e3300000, 0x00000000e3300000, 0x00000000e3400000|  0%| F|  |TAMS 0x00000000e3300000, 0x00000000e3300000| Untracked 
|  52|0x00000000e3400000, 0x00000000e3400000, 0x00000000e3500000|  0%| F|  |TAMS 0x00000000e3400000, 0x00000000e3400000| Untracked 
|  53|0x00000000e3500000, 0x00000000e3500000, 0x00000000e3600000|  0%| F|  |TAMS 0x00000000e3500000, 0x00000000e3500000| Untracked 
|  54|0x00000000e3600000, 0x00000000e3600000, 0x00000000e3700000|  0%| F|  |TAMS 0x00000000e3600000, 0x00000000e3600000| Untracked 
|  55|0x00000000e3700000, 0x00000000e3700000, 0x00000000e3800000|  0%| F|  |TAMS 0x00000000e3700000, 0x00000000e3700000| Untracked 
|  56|0x00000000e3800000, 0x00000000e3800000, 0x00000000e3900000|  0%| F|  |TAMS 0x00000000e3800000, 0x00000000e3800000| Untracked 
|  57|0x00000000e3900000, 0x00000000e3900000, 0x00000000e3a00000|  0%| F|  |TAMS 0x00000000e3900000, 0x00000000e3900000| Untracked 
|  58|0x00000000e3a00000, 0x00000000e3a00000, 0x00000000e3b00000|  0%| F|  |TAMS 0x00000000e3a00000, 0x00000000e3a00000| Untracked 
|  59|0x00000000e3b00000, 0x00000000e3b00000, 0x00000000e3c00000|  0%| F|  |TAMS 0x00000000e3b00000, 0x00000000e3b00000| Untracked 
|  60|0x00000000e3c00000, 0x00000000e3c00000, 0x00000000e3d00000|  0%| F|  |TAMS 0x00000000e3c00000, 0x00000000e3c00000| Untracked 
|  61|0x00000000e3d00000, 0x00000000e3d00000, 0x00000000e3e00000|  0%| F|  |TAMS 0x00000000e3d00000, 0x00000000e3d00000| Untracked 
|  62|0x00000000e3e00000, 0x00000000e3e00000, 0x00000000e3f00000|  0%| F|  |TAMS 0x00000000e3e00000, 0x00000000e3e00000| Untracked 
|  63|0x00000000e3f00000, 0x00000000e3f00000, 0x00000000e4000000|  0%| F|  |TAMS 0x00000000e3f00000, 0x00000000e3f00000| Untracked 
|  64|0x00000000e4000000, 0x00000000e4000000, 0x00000000e4100000|  0%| F|  |TAMS 0x00000000e4000000, 0x00000000e4000000| Untracked 
|  65|0x00000000e4100000, 0x00000000e4100000, 0x00000000e4200000|  0%| F|  |TAMS 0x00000000e4100000, 0x00000000e4100000| Untracked 
|  66|0x00000000e4200000, 0x00000000e4200000, 0x00000000e4300000|  0%| F|  |TAMS 0x00000000e4200000, 0x00000000e4200000| Untracked 
|  67|0x00000000e4300000, 0x00000000e4300000, 0x00000000e4400000|  0%| F|  |TAMS 0x00000000e4300000, 0x00000000e4300000| Untracked 
|  68|0x00000000e4400000, 0x00000000e4400000, 0x00000000e4500000|  0%| F|  |TAMS 0x00000000e4400000, 0x00000000e4400000| Untracked 
|  69|0x00000000e4500000, 0x00000000e4500000, 0x00000000e4600000|  0%| F|  |TAMS 0x00000000e4500000, 0x00000000e4500000| Untracked 
|  70|0x00000000e4600000, 0x00000000e4600000, 0x00000000e4700000|  0%| F|  |TAMS 0x00000000e4600000, 0x00000000e4600000| Untracked 
|  71|0x00000000e4700000, 0x00000000e4700000, 0x00000000e4800000|  0%| F|  |TAMS 0x00000000e4700000, 0x00000000e4700000| Untracked 
|  72|0x00000000e4800000, 0x00000000e4800000, 0x00000000e4900000|  0%| F|  |TAMS 0x00000000e4800000, 0x00000000e4800000| Untracked 
|  73|0x00000000e4900000, 0x00000000e4900000, 0x00000000e4a00000|  0%| F|  |TAMS 0x00000000e4900000, 0x00000000e4900000| Untracked 
|  74|0x00000000e4a00000, 0x00000000e4a00000, 0x00000000e4b00000|  0%| F|  |TAMS 0x00000000e4a00000, 0x00000000e4a00000| Untracked 
|  75|0x00000000e4b00000, 0x00000000e4b00000, 0x00000000e4c00000|  0%| F|  |TAMS 0x00000000e4b00000, 0x00000000e4b00000| Untracked 
|  76|0x00000000e4c00000, 0x00000000e4c00000, 0x00000000e4d00000|  0%| F|  |TAMS 0x00000000e4c00000, 0x00000000e4c00000| Untracked 
|  77|0x00000000e4d00000, 0x00000000e4d00000, 0x00000000e4e00000|  0%| F|  |TAMS 0x00000000e4d00000, 0x00000000e4d00000| Untracked 
|  78|0x00000000e4e00000, 0x00000000e4e00000, 0x00000000e4f00000|  0%| F|  |TAMS 0x00000000e4e00000, 0x00000000e4e00000| Untracked 
|  79|0x00000000e4f00000, 0x00000000e4f00000, 0x00000000e5000000|  0%| F|  |TAMS 0x00000000e4f00000, 0x00000000e4f00000| Untracked 
|  80|0x00000000e5000000, 0x00000000e5000000, 0x00000000e5100000|  0%| F|  |TAMS 0x00000000e5000000, 0x00000000e5000000| Untracked 
|  81|0x00000000e5100000, 0x00000000e5100000, 0x00000000e5200000|  0%| F|  |TAMS 0x00000000e5100000, 0x00000000e5100000| Untracked 
|  82|0x00000000e5200000, 0x00000000e5200000, 0x00000000e5300000|  0%| F|  |TAMS 0x00000000e5200000, 0x00000000e5200000| Untracked 
|  83|0x00000000e5300000, 0x00000000e5300000, 0x00000000e5400000|  0%| F|  |TAMS 0x00000000e5300000, 0x00000000e5300000| Untracked 
|  84|0x00000000e5400000, 0x00000000e5400000, 0x00000000e5500000|  0%| F|  |TAMS 0x00000000e5400000, 0x00000000e5400000| Untracked 
|  85|0x00000000e5500000, 0x00000000e5500000, 0x00000000e5600000|  0%| F|  |TAMS 0x00000000e5500000, 0x00000000e5500000| Untracked 
|  86|0x00000000e5600000, 0x00000000e5600000, 0x00000000e5700000|  0%| F|  |TAMS 0x00000000e5600000, 0x00000000e5600000| Untracked 
|  87|0x00000000e5700000, 0x00000000e5700000, 0x00000000e5800000|  0%| F|  |TAMS 0x00000000e5700000, 0x00000000e5700000| Untracked 
|  88|0x00000000e5800000, 0x00000000e5800000, 0x00000000e5900000|  0%| F|  |TAMS 0x00000000e5800000, 0x00000000e5800000| Untracked 
|  89|0x00000000e5900000, 0x00000000e5900000, 0x00000000e5a00000|  0%| F|  |TAMS 0x00000000e5900000, 0x00000000e5900000| Untracked 
|  90|0x00000000e5a00000, 0x00000000e5a00000, 0x00000000e5b00000|  0%| F|  |TAMS 0x00000000e5a00000, 0x00000000e5a00000| Untracked 
|  91|0x00000000e5b00000, 0x00000000e5b00000, 0x00000000e5c00000|  0%| F|  |TAMS 0x00000000e5b00000, 0x00000000e5b00000| Untracked 
|  92|0x00000000e5c00000, 0x00000000e5c00000, 0x00000000e5d00000|  0%| F|  |TAMS 0x00000000e5c00000, 0x00000000e5c00000| Untracked 
|  93|0x00000000e5d00000, 0x00000000e5d00000, 0x00000000e5e00000|  0%| F|  |TAMS 0x00000000e5d00000, 0x00000000e5d00000| Untracked 
|  94|0x00000000e5e00000, 0x00000000e5e4b0d0, 0x00000000e5f00000| 29%| S|CS|TAMS 0x00000000e5e00000, 0x00000000e5e00000| Complete 
|  95|0x00000000e5f00000, 0x00000000e6000000, 0x00000000e6000000|100%| S|CS|TAMS 0x00000000e5f00000, 0x00000000e5f00000| Complete 
|  96|0x00000000e6000000, 0x00000000e6100000, 0x00000000e6100000|100%| S|CS|TAMS 0x00000000e6000000, 0x00000000e6000000| Complete 
|  97|0x00000000e6100000, 0x00000000e6200000, 0x00000000e6200000|100%| S|CS|TAMS 0x00000000e6100000, 0x00000000e6100000| Complete 
|  98|0x00000000e6200000, 0x00000000e6300000, 0x00000000e6300000|100%| S|CS|TAMS 0x00000000e6200000, 0x00000000e6200000| Complete 
|  99|0x00000000e6300000, 0x00000000e6400000, 0x00000000e6400000|100%| S|CS|TAMS 0x00000000e6300000, 0x00000000e6300000| Complete 
| 100|0x00000000e6400000, 0x00000000e6500000, 0x00000000e6500000|100%| S|CS|TAMS 0x00000000e6400000, 0x00000000e6400000| Complete 
| 101|0x00000000e6500000, 0x00000000e6600000, 0x00000000e6600000|100%| S|CS|TAMS 0x00000000e6500000, 0x00000000e6500000| Complete 
| 102|0x00000000e6600000, 0x00000000e6700000, 0x00000000e6700000|100%| S|CS|TAMS 0x00000000e6600000, 0x00000000e6600000| Complete 
| 103|0x00000000e6700000, 0x00000000e6800000, 0x00000000e6800000|100%| S|CS|TAMS 0x00000000e6700000, 0x00000000e6700000| Complete 
| 104|0x00000000e6800000, 0x00000000e6900000, 0x00000000e6900000|100%| S|CS|TAMS 0x00000000e6800000, 0x00000000e6800000| Complete 
| 105|0x00000000e6900000, 0x00000000e6a00000, 0x00000000e6a00000|100%| S|CS|TAMS 0x00000000e6900000, 0x00000000e6900000| Complete 
| 106|0x00000000e6a00000, 0x00000000e6b00000, 0x00000000e6b00000|100%| S|CS|TAMS 0x00000000e6a00000, 0x00000000e6a00000| Complete 
| 107|0x00000000e6b00000, 0x00000000e6c00000, 0x00000000e6c00000|100%| S|CS|TAMS 0x00000000e6b00000, 0x00000000e6b00000| Complete 
| 108|0x00000000e6c00000, 0x00000000e6d00000, 0x00000000e6d00000|100%| S|CS|TAMS 0x00000000e6c00000, 0x00000000e6c00000| Complete 
| 109|0x00000000e6d00000, 0x00000000e6e00000, 0x00000000e6e00000|100%| S|CS|TAMS 0x00000000e6d00000, 0x00000000e6d00000| Complete 
| 110|0x00000000e6e00000, 0x00000000e6f00000, 0x00000000e6f00000|100%| S|CS|TAMS 0x00000000e6e00000, 0x00000000e6e00000| Complete 
| 111|0x00000000e6f00000, 0x00000000e6f00000, 0x00000000e7000000|  0%| F|  |TAMS 0x00000000e6f00000, 0x00000000e6f00000| Untracked 
| 112|0x00000000e7000000, 0x00000000e7000000, 0x00000000e7100000|  0%| F|  |TAMS 0x00000000e7000000, 0x00000000e7000000| Untracked 
| 113|0x00000000e7100000, 0x00000000e7100000, 0x00000000e7200000|  0%| F|  |TAMS 0x00000000e7100000, 0x00000000e7100000| Untracked 
| 114|0x00000000e7200000, 0x00000000e7200000, 0x00000000e7300000|  0%| F|  |TAMS 0x00000000e7200000, 0x00000000e7200000| Untracked 
| 115|0x00000000e7300000, 0x00000000e7300000, 0x00000000e7400000|  0%| F|  |TAMS 0x00000000e7300000, 0x00000000e7300000| Untracked 
| 116|0x00000000e7400000, 0x00000000e7400000, 0x00000000e7500000|  0%| F|  |TAMS 0x00000000e7400000, 0x00000000e7400000| Untracked 
| 117|0x00000000e7500000, 0x00000000e7500000, 0x00000000e7600000|  0%| F|  |TAMS 0x00000000e7500000, 0x00000000e7500000| Untracked 
| 118|0x00000000e7600000, 0x00000000e7600000, 0x00000000e7700000|  0%| F|  |TAMS 0x00000000e7600000, 0x00000000e7600000| Untracked 
| 119|0x00000000e7700000, 0x00000000e7700000, 0x00000000e7800000|  0%| F|  |TAMS 0x00000000e7700000, 0x00000000e7700000| Untracked 
| 120|0x00000000e7800000, 0x00000000e7800000, 0x00000000e7900000|  0%| F|  |TAMS 0x00000000e7800000, 0x00000000e7800000| Untracked 
| 121|0x00000000e7900000, 0x00000000e7900000, 0x00000000e7a00000|  0%| F|  |TAMS 0x00000000e7900000, 0x00000000e7900000| Untracked 
| 122|0x00000000e7a00000, 0x00000000e7a00000, 0x00000000e7b00000|  0%| F|  |TAMS 0x00000000e7a00000, 0x00000000e7a00000| Untracked 
| 123|0x00000000e7b00000, 0x00000000e7b00000, 0x00000000e7c00000|  0%| F|  |TAMS 0x00000000e7b00000, 0x00000000e7b00000| Untracked 
| 124|0x00000000e7c00000, 0x00000000e7c00000, 0x00000000e7d00000|  0%| F|  |TAMS 0x00000000e7c00000, 0x00000000e7c00000| Untracked 
| 125|0x00000000e7d00000, 0x00000000e7d00000, 0x00000000e7e00000|  0%| F|  |TAMS 0x00000000e7d00000, 0x00000000e7d00000| Untracked 
| 126|0x00000000e7e00000, 0x00000000e7e00000, 0x00000000e7f00000|  0%| F|  |TAMS 0x00000000e7e00000, 0x00000000e7e00000| Untracked 
| 127|0x00000000e7f00000, 0x00000000e7f00000, 0x00000000e8000000|  0%| F|  |TAMS 0x00000000e7f00000, 0x00000000e7f00000| Untracked 
| 128|0x00000000e8000000, 0x00000000e8000000, 0x00000000e8100000|  0%| F|  |TAMS 0x00000000e8000000, 0x00000000e8000000| Untracked 
| 129|0x00000000e8100000, 0x00000000e8100000, 0x00000000e8200000|  0%| F|  |TAMS 0x00000000e8100000, 0x00000000e8100000| Untracked 
| 130|0x00000000e8200000, 0x00000000e8200000, 0x00000000e8300000|  0%| F|  |TAMS 0x00000000e8200000, 0x00000000e8200000| Untracked 
| 131|0x00000000e8300000, 0x00000000e8300000, 0x00000000e8400000|  0%| F|  |TAMS 0x00000000e8300000, 0x00000000e8300000| Untracked 
| 132|0x00000000e8400000, 0x00000000e8400000, 0x00000000e8500000|  0%| F|  |TAMS 0x00000000e8400000, 0x00000000e8400000| Untracked 
| 133|0x00000000e8500000, 0x00000000e8500000, 0x00000000e8600000|  0%| F|  |TAMS 0x00000000e8500000, 0x00000000e8500000| Untracked 
| 134|0x00000000e8600000, 0x00000000e8600000, 0x00000000e8700000|  0%| F|  |TAMS 0x00000000e8600000, 0x00000000e8600000| Untracked 
| 135|0x00000000e8700000, 0x00000000e8700000, 0x00000000e8800000|  0%| F|  |TAMS 0x00000000e8700000, 0x00000000e8700000| Untracked 
| 136|0x00000000e8800000, 0x00000000e8800000, 0x00000000e8900000|  0%| F|  |TAMS 0x00000000e8800000, 0x00000000e8800000| Untracked 
| 137|0x00000000e8900000, 0x00000000e8900000, 0x00000000e8a00000|  0%| F|  |TAMS 0x00000000e8900000, 0x00000000e8900000| Untracked 
| 138|0x00000000e8a00000, 0x00000000e8a00000, 0x00000000e8b00000|  0%| F|  |TAMS 0x00000000e8a00000, 0x00000000e8a00000| Untracked 
| 139|0x00000000e8b00000, 0x00000000e8b00000, 0x00000000e8c00000|  0%| F|  |TAMS 0x00000000e8b00000, 0x00000000e8b00000| Untracked 
| 140|0x00000000e8c00000, 0x00000000e8c00000, 0x00000000e8d00000|  0%| F|  |TAMS 0x00000000e8c00000, 0x00000000e8c00000| Untracked 
| 141|0x00000000e8d00000, 0x00000000e8d00000, 0x00000000e8e00000|  0%| F|  |TAMS 0x00000000e8d00000, 0x00000000e8d00000| Untracked 
| 142|0x00000000e8e00000, 0x00000000e8e00000, 0x00000000e8f00000|  0%| F|  |TAMS 0x00000000e8e00000, 0x00000000e8e00000| Untracked 
| 143|0x00000000e8f00000, 0x00000000e8f00000, 0x00000000e9000000|  0%| F|  |TAMS 0x00000000e8f00000, 0x00000000e8f00000| Untracked 
| 144|0x00000000e9000000, 0x00000000e9000000, 0x00000000e9100000|  0%| F|  |TAMS 0x00000000e9000000, 0x00000000e9000000| Untracked 
| 145|0x00000000e9100000, 0x00000000e9100000, 0x00000000e9200000|  0%| F|  |TAMS 0x00000000e9100000, 0x00000000e9100000| Untracked 
| 146|0x00000000e9200000, 0x00000000e9200000, 0x00000000e9300000|  0%| F|  |TAMS 0x00000000e9200000, 0x00000000e9200000| Untracked 
| 147|0x00000000e9300000, 0x00000000e9300000, 0x00000000e9400000|  0%| F|  |TAMS 0x00000000e9300000, 0x00000000e9300000| Untracked 
| 148|0x00000000e9400000, 0x00000000e9400000, 0x00000000e9500000|  0%| F|  |TAMS 0x00000000e9400000, 0x00000000e9400000| Untracked 
| 149|0x00000000e9500000, 0x00000000e9500000, 0x00000000e9600000|  0%| F|  |TAMS 0x00000000e9500000, 0x00000000e9500000| Untracked 
| 150|0x00000000e9600000, 0x00000000e9600000, 0x00000000e9700000|  0%| F|  |TAMS 0x00000000e9600000, 0x00000000e9600000| Untracked 
| 151|0x00000000e9700000, 0x00000000e9700000, 0x00000000e9800000|  0%| F|  |TAMS 0x00000000e9700000, 0x00000000e9700000| Untracked 
| 152|0x00000000e9800000, 0x00000000e9800000, 0x00000000e9900000|  0%| F|  |TAMS 0x00000000e9800000, 0x00000000e9800000| Untracked 
| 153|0x00000000e9900000, 0x00000000e9900000, 0x00000000e9a00000|  0%| F|  |TAMS 0x00000000e9900000, 0x00000000e9900000| Untracked 
| 154|0x00000000e9a00000, 0x00000000e9a00000, 0x00000000e9b00000|  0%| F|  |TAMS 0x00000000e9a00000, 0x00000000e9a00000| Untracked 
| 155|0x00000000e9b00000, 0x00000000e9b00000, 0x00000000e9c00000|  0%| F|  |TAMS 0x00000000e9b00000, 0x00000000e9b00000| Untracked 
| 156|0x00000000e9c00000, 0x00000000e9c00000, 0x00000000e9d00000|  0%| F|  |TAMS 0x00000000e9c00000, 0x00000000e9c00000| Untracked 
| 157|0x00000000e9d00000, 0x00000000e9d00000, 0x00000000e9e00000|  0%| F|  |TAMS 0x00000000e9d00000, 0x00000000e9d00000| Untracked 
| 158|0x00000000e9e00000, 0x00000000e9e00000, 0x00000000e9f00000|  0%| F|  |TAMS 0x00000000e9e00000, 0x00000000e9e00000| Untracked 
| 159|0x00000000e9f00000, 0x00000000e9f00000, 0x00000000ea000000|  0%| F|  |TAMS 0x00000000e9f00000, 0x00000000e9f00000| Untracked 
| 160|0x00000000ea000000, 0x00000000ea000000, 0x00000000ea100000|  0%| F|  |TAMS 0x00000000ea000000, 0x00000000ea000000| Untracked 
| 161|0x00000000ea100000, 0x00000000ea100000, 0x00000000ea200000|  0%| F|  |TAMS 0x00000000ea100000, 0x00000000ea100000| Untracked 
| 162|0x00000000ea200000, 0x00000000ea200000, 0x00000000ea300000|  0%| F|  |TAMS 0x00000000ea200000, 0x00000000ea200000| Untracked 
| 163|0x00000000ea300000, 0x00000000ea300000, 0x00000000ea400000|  0%| F|  |TAMS 0x00000000ea300000, 0x00000000ea300000| Untracked 
| 164|0x00000000ea400000, 0x00000000ea400000, 0x00000000ea500000|  0%| F|  |TAMS 0x00000000ea400000, 0x00000000ea400000| Untracked 
| 165|0x00000000ea500000, 0x00000000ea500000, 0x00000000ea600000|  0%| F|  |TAMS 0x00000000ea500000, 0x00000000ea500000| Untracked 
| 166|0x00000000ea600000, 0x00000000ea600000, 0x00000000ea700000|  0%| F|  |TAMS 0x00000000ea600000, 0x00000000ea600000| Untracked 
| 167|0x00000000ea700000, 0x00000000ea700000, 0x00000000ea800000|  0%| F|  |TAMS 0x00000000ea700000, 0x00000000ea700000| Untracked 
| 168|0x00000000ea800000, 0x00000000ea800000, 0x00000000ea900000|  0%| F|  |TAMS 0x00000000ea800000, 0x00000000ea800000| Untracked 
| 169|0x00000000ea900000, 0x00000000ea900000, 0x00000000eaa00000|  0%| F|  |TAMS 0x00000000ea900000, 0x00000000ea900000| Untracked 
| 170|0x00000000eaa00000, 0x00000000eaa00000, 0x00000000eab00000|  0%| F|  |TAMS 0x00000000eaa00000, 0x00000000eaa00000| Untracked 
| 171|0x00000000eab00000, 0x00000000eab00000, 0x00000000eac00000|  0%| F|  |TAMS 0x00000000eab00000, 0x00000000eab00000| Untracked 
| 172|0x00000000eac00000, 0x00000000eac00000, 0x00000000ead00000|  0%| F|  |TAMS 0x00000000eac00000, 0x00000000eac00000| Untracked 
| 173|0x00000000ead00000, 0x00000000ead00000, 0x00000000eae00000|  0%| F|  |TAMS 0x00000000ead00000, 0x00000000ead00000| Untracked 
| 174|0x00000000eae00000, 0x00000000eae00000, 0x00000000eaf00000|  0%| F|  |TAMS 0x00000000eae00000, 0x00000000eae00000| Untracked 
| 175|0x00000000eaf00000, 0x00000000eaf00000, 0x00000000eb000000|  0%| F|  |TAMS 0x00000000eaf00000, 0x00000000eaf00000| Untracked 
| 176|0x00000000eb000000, 0x00000000eb000000, 0x00000000eb100000|  0%| F|  |TAMS 0x00000000eb000000, 0x00000000eb000000| Untracked 
| 177|0x00000000eb100000, 0x00000000eb100000, 0x00000000eb200000|  0%| F|  |TAMS 0x00000000eb100000, 0x00000000eb100000| Untracked 
| 178|0x00000000eb200000, 0x00000000eb200000, 0x00000000eb300000|  0%| F|  |TAMS 0x00000000eb200000, 0x00000000eb200000| Untracked 
| 179|0x00000000eb300000, 0x00000000eb300000, 0x00000000eb400000|  0%| F|  |TAMS 0x00000000eb300000, 0x00000000eb300000| Untracked 
| 180|0x00000000eb400000, 0x00000000eb400000, 0x00000000eb500000|  0%| F|  |TAMS 0x00000000eb400000, 0x00000000eb400000| Untracked 
| 181|0x00000000eb500000, 0x00000000eb500000, 0x00000000eb600000|  0%| F|  |TAMS 0x00000000eb500000, 0x00000000eb500000| Untracked 
| 182|0x00000000eb600000, 0x00000000eb600000, 0x00000000eb700000|  0%| F|  |TAMS 0x00000000eb600000, 0x00000000eb600000| Untracked 
| 183|0x00000000eb700000, 0x00000000eb700000, 0x00000000eb800000|  0%| F|  |TAMS 0x00000000eb700000, 0x00000000eb700000| Untracked 
| 184|0x00000000eb800000, 0x00000000eb800000, 0x00000000eb900000|  0%| F|  |TAMS 0x00000000eb800000, 0x00000000eb800000| Untracked 
| 185|0x00000000eb900000, 0x00000000eb900000, 0x00000000eba00000|  0%| F|  |TAMS 0x00000000eb900000, 0x00000000eb900000| Untracked 
| 186|0x00000000eba00000, 0x00000000eba00000, 0x00000000ebb00000|  0%| F|  |TAMS 0x00000000eba00000, 0x00000000eba00000| Untracked 
| 187|0x00000000ebb00000, 0x00000000ebb00000, 0x00000000ebc00000|  0%| F|  |TAMS 0x00000000ebb00000, 0x00000000ebb00000| Untracked 
| 188|0x00000000ebc00000, 0x00000000ebc00000, 0x00000000ebd00000|  0%| F|  |TAMS 0x00000000ebc00000, 0x00000000ebc00000| Untracked 
| 189|0x00000000ebd00000, 0x00000000ebd00000, 0x00000000ebe00000|  0%| F|  |TAMS 0x00000000ebd00000, 0x00000000ebd00000| Untracked 
| 190|0x00000000ebe00000, 0x00000000ebe00000, 0x00000000ebf00000|  0%| F|  |TAMS 0x00000000ebe00000, 0x00000000ebe00000| Untracked 
| 191|0x00000000ebf00000, 0x00000000ebf00000, 0x00000000ec000000|  0%| F|  |TAMS 0x00000000ebf00000, 0x00000000ebf00000| Untracked 
| 192|0x00000000ec000000, 0x00000000ec000000, 0x00000000ec100000|  0%| F|  |TAMS 0x00000000ec000000, 0x00000000ec000000| Untracked 
| 193|0x00000000ec100000, 0x00000000ec100000, 0x00000000ec200000|  0%| F|  |TAMS 0x00000000ec100000, 0x00000000ec100000| Untracked 
| 194|0x00000000ec200000, 0x00000000ec200000, 0x00000000ec300000|  0%| F|  |TAMS 0x00000000ec200000, 0x00000000ec200000| Untracked 
| 195|0x00000000ec300000, 0x00000000ec300000, 0x00000000ec400000|  0%| F|  |TAMS 0x00000000ec300000, 0x00000000ec300000| Untracked 
| 196|0x00000000ec400000, 0x00000000ec400000, 0x00000000ec500000|  0%| F|  |TAMS 0x00000000ec400000, 0x00000000ec400000| Untracked 
| 197|0x00000000ec500000, 0x00000000ec500000, 0x00000000ec600000|  0%| F|  |TAMS 0x00000000ec500000, 0x00000000ec500000| Untracked 
| 198|0x00000000ec600000, 0x00000000ec600000, 0x00000000ec700000|  0%| F|  |TAMS 0x00000000ec600000, 0x00000000ec600000| Untracked 
| 199|0x00000000ec700000, 0x00000000ec700000, 0x00000000ec800000|  0%| F|  |TAMS 0x00000000ec700000, 0x00000000ec700000| Untracked 
| 200|0x00000000ec800000, 0x00000000ec800000, 0x00000000ec900000|  0%| F|  |TAMS 0x00000000ec800000, 0x00000000ec800000| Untracked 
| 201|0x00000000ec900000, 0x00000000ec900000, 0x00000000eca00000|  0%| F|  |TAMS 0x00000000ec900000, 0x00000000ec900000| Untracked 
| 202|0x00000000eca00000, 0x00000000eca00000, 0x00000000ecb00000|  0%| F|  |TAMS 0x00000000eca00000, 0x00000000eca00000| Untracked 
| 203|0x00000000ecb00000, 0x00000000ecb00000, 0x00000000ecc00000|  0%| F|  |TAMS 0x00000000ecb00000, 0x00000000ecb00000| Untracked 
| 204|0x00000000ecc00000, 0x00000000ecc00000, 0x00000000ecd00000|  0%| F|  |TAMS 0x00000000ecc00000, 0x00000000ecc00000| Untracked 
| 205|0x00000000ecd00000, 0x00000000ecd00000, 0x00000000ece00000|  0%| F|  |TAMS 0x00000000ecd00000, 0x00000000ecd00000| Untracked 
| 206|0x00000000ece00000, 0x00000000ece00000, 0x00000000ecf00000|  0%| F|  |TAMS 0x00000000ece00000, 0x00000000ece00000| Untracked 
| 207|0x00000000ecf00000, 0x00000000ecf00000, 0x00000000ed000000|  0%| F|  |TAMS 0x00000000ecf00000, 0x00000000ecf00000| Untracked 
| 208|0x00000000ed000000, 0x00000000ed000000, 0x00000000ed100000|  0%| F|  |TAMS 0x00000000ed000000, 0x00000000ed000000| Untracked 
| 209|0x00000000ed100000, 0x00000000ed100000, 0x00000000ed200000|  0%| F|  |TAMS 0x00000000ed100000, 0x00000000ed100000| Untracked 
| 210|0x00000000ed200000, 0x00000000ed200000, 0x00000000ed300000|  0%| F|  |TAMS 0x00000000ed200000, 0x00000000ed200000| Untracked 
| 211|0x00000000ed300000, 0x00000000ed300000, 0x00000000ed400000|  0%| F|  |TAMS 0x00000000ed300000, 0x00000000ed300000| Untracked 
| 212|0x00000000ed400000, 0x00000000ed400000, 0x00000000ed500000|  0%| F|  |TAMS 0x00000000ed400000, 0x00000000ed400000| Untracked 
| 213|0x00000000ed500000, 0x00000000ed500000, 0x00000000ed600000|  0%| F|  |TAMS 0x00000000ed500000, 0x00000000ed500000| Untracked 
| 214|0x00000000ed600000, 0x00000000ed600000, 0x00000000ed700000|  0%| F|  |TAMS 0x00000000ed600000, 0x00000000ed600000| Untracked 
| 215|0x00000000ed700000, 0x00000000ed700000, 0x00000000ed800000|  0%| F|  |TAMS 0x00000000ed700000, 0x00000000ed700000| Untracked 
| 216|0x00000000ed800000, 0x00000000ed800000, 0x00000000ed900000|  0%| F|  |TAMS 0x00000000ed800000, 0x00000000ed800000| Untracked 
| 217|0x00000000ed900000, 0x00000000ed900000, 0x00000000eda00000|  0%| F|  |TAMS 0x00000000ed900000, 0x00000000ed900000| Untracked 
| 218|0x00000000eda00000, 0x00000000eda00000, 0x00000000edb00000|  0%| F|  |TAMS 0x00000000eda00000, 0x00000000eda00000| Untracked 
| 219|0x00000000edb00000, 0x00000000edb00000, 0x00000000edc00000|  0%| F|  |TAMS 0x00000000edb00000, 0x00000000edb00000| Untracked 
| 220|0x00000000edc00000, 0x00000000edc00000, 0x00000000edd00000|  0%| F|  |TAMS 0x00000000edc00000, 0x00000000edc00000| Untracked 
| 221|0x00000000edd00000, 0x00000000edda79a0, 0x00000000ede00000| 65%| E|  |TAMS 0x00000000edd00000, 0x00000000edd00000| Complete 
| 222|0x00000000ede00000, 0x00000000edf00000, 0x00000000edf00000|100%| E|CS|TAMS 0x00000000ede00000, 0x00000000ede00000| Complete 
| 223|0x00000000edf00000, 0x00000000ee000000, 0x00000000ee000000|100%| E|CS|TAMS 0x00000000edf00000, 0x00000000edf00000| Complete 
| 224|0x00000000ee000000, 0x00000000ee100000, 0x00000000ee100000|100%| E|CS|TAMS 0x00000000ee000000, 0x00000000ee000000| Complete 
| 225|0x00000000ee100000, 0x00000000ee200000, 0x00000000ee200000|100%| E|CS|TAMS 0x00000000ee100000, 0x00000000ee100000| Complete 
| 226|0x00000000ee200000, 0x00000000ee300000, 0x00000000ee300000|100%| E|CS|TAMS 0x00000000ee200000, 0x00000000ee200000| Complete 
| 227|0x00000000ee300000, 0x00000000ee400000, 0x00000000ee400000|100%| E|CS|TAMS 0x00000000ee300000, 0x00000000ee300000| Complete 
| 228|0x00000000ee400000, 0x00000000ee500000, 0x00000000ee500000|100%| E|CS|TAMS 0x00000000ee400000, 0x00000000ee400000| Complete 
| 229|0x00000000ee500000, 0x00000000ee600000, 0x00000000ee600000|100%| E|CS|TAMS 0x00000000ee500000, 0x00000000ee500000| Complete 
| 230|0x00000000ee600000, 0x00000000ee700000, 0x00000000ee700000|100%| E|CS|TAMS 0x00000000ee600000, 0x00000000ee600000| Complete 
| 231|0x00000000ee700000, 0x00000000ee800000, 0x00000000ee800000|100%| E|CS|TAMS 0x00000000ee700000, 0x00000000ee700000| Complete 
| 232|0x00000000ee800000, 0x00000000ee900000, 0x00000000ee900000|100%| E|CS|TAMS 0x00000000ee800000, 0x00000000ee800000| Complete 
| 233|0x00000000ee900000, 0x00000000eea00000, 0x00000000eea00000|100%| E|CS|TAMS 0x00000000ee900000, 0x00000000ee900000| Complete 
| 234|0x00000000eea00000, 0x00000000eeb00000, 0x00000000eeb00000|100%| E|CS|TAMS 0x00000000eea00000, 0x00000000eea00000| Complete 
| 235|0x00000000eeb00000, 0x00000000eec00000, 0x00000000eec00000|100%| E|CS|TAMS 0x00000000eeb00000, 0x00000000eeb00000| Complete 
| 236|0x00000000eec00000, 0x00000000eed00000, 0x00000000eed00000|100%| E|CS|TAMS 0x00000000eec00000, 0x00000000eec00000| Complete 
| 237|0x00000000eed00000, 0x00000000eee00000, 0x00000000eee00000|100%| E|CS|TAMS 0x00000000eed00000, 0x00000000eed00000| Complete 
| 238|0x00000000eee00000, 0x00000000eef00000, 0x00000000eef00000|100%| E|CS|TAMS 0x00000000eee00000, 0x00000000eee00000| Complete 
| 239|0x00000000eef00000, 0x00000000ef000000, 0x00000000ef000000|100%| E|CS|TAMS 0x00000000eef00000, 0x00000000eef00000| Complete 
| 240|0x00000000ef000000, 0x00000000ef100000, 0x00000000ef100000|100%| E|CS|TAMS 0x00000000ef000000, 0x00000000ef000000| Complete 
| 241|0x00000000ef100000, 0x00000000ef200000, 0x00000000ef200000|100%| E|CS|TAMS 0x00000000ef100000, 0x00000000ef100000| Complete 
| 242|0x00000000ef200000, 0x00000000ef300000, 0x00000000ef300000|100%| E|CS|TAMS 0x00000000ef200000, 0x00000000ef200000| Complete 
| 243|0x00000000ef300000, 0x00000000ef400000, 0x00000000ef400000|100%| E|CS|TAMS 0x00000000ef300000, 0x00000000ef300000| Complete 
| 244|0x00000000ef400000, 0x00000000ef500000, 0x00000000ef500000|100%| E|CS|TAMS 0x00000000ef400000, 0x00000000ef400000| Complete 
| 245|0x00000000ef500000, 0x00000000ef600000, 0x00000000ef600000|100%| E|CS|TAMS 0x00000000ef500000, 0x00000000ef500000| Complete 
| 246|0x00000000ef600000, 0x00000000ef700000, 0x00000000ef700000|100%| E|CS|TAMS 0x00000000ef600000, 0x00000000ef600000| Complete 
| 247|0x00000000ef700000, 0x00000000ef800000, 0x00000000ef800000|100%| E|CS|TAMS 0x00000000ef700000, 0x00000000ef700000| Complete 
| 248|0x00000000ef800000, 0x00000000ef900000, 0x00000000ef900000|100%| E|CS|TAMS 0x00000000ef800000, 0x00000000ef800000| Complete 
| 249|0x00000000ef900000, 0x00000000efa00000, 0x00000000efa00000|100%| E|CS|TAMS 0x00000000ef900000, 0x00000000ef900000| Complete 
| 250|0x00000000efa00000, 0x00000000efb00000, 0x00000000efb00000|100%| E|CS|TAMS 0x00000000efa00000, 0x00000000efa00000| Complete 
| 251|0x00000000efb00000, 0x00000000efc00000, 0x00000000efc00000|100%| E|CS|TAMS 0x00000000efb00000, 0x00000000efb00000| Complete 
| 252|0x00000000efc00000, 0x00000000efd00000, 0x00000000efd00000|100%| E|CS|TAMS 0x00000000efc00000, 0x00000000efc00000| Complete 
| 253|0x00000000efd00000, 0x00000000efe00000, 0x00000000efe00000|100%| E|CS|TAMS 0x00000000efd00000, 0x00000000efd00000| Complete 
| 254|0x00000000efe00000, 0x00000000eff00000, 0x00000000eff00000|100%| E|CS|TAMS 0x00000000efe00000, 0x00000000efe00000| Complete 
| 255|0x00000000eff00000, 0x00000000f0000000, 0x00000000f0000000|100%| E|CS|TAMS 0x00000000eff00000, 0x00000000eff00000| Complete 

Card table byte_map: [0x0000021e48bd0000,0x0000021e48cd0000] _byte_map_base: 0x0000021e484d0000

Marking Bits (Prev, Next): (CMBitMap*) 0x0000021e30d5ab18, (CMBitMap*) 0x0000021e30d5ab50
 Prev Bits: [0x0000021e48dd0000, 0x0000021e495d0000)
 Next Bits: [0x0000021e495d0000, 0x0000021e49dd0000)

Polling page: 0x0000021e30cb0000

Metaspace:

Usage:
  Non-class:     49.14 MB capacity,    47.91 MB ( 97%) used,     1.05 MB (  2%) free+waste,   186.63 KB ( <1%) overhead. 
      Class:      8.10 MB capacity,     7.41 MB ( 91%) used,   620.84 KB (  7%) free+waste,    92.00 KB (  1%) overhead. 
       Both:     57.24 MB capacity,    55.31 MB ( 97%) used,     1.65 MB (  3%) free+waste,   278.63 KB ( <1%) overhead. 

Virtual space:
  Non-class space:       50.00 MB reserved,      49.17 MB ( 98%) committed 
      Class space:      248.00 MB reserved,       8.20 MB (  3%) committed 
             Both:      298.00 MB reserved,      57.37 MB ( 19%) committed 

Chunk freelists:
   Non-Class:  4.38 KB
       Class:  2.75 KB
        Both:  7.13 KB

CodeHeap 'non-profiled nmethods': size=120000Kb used=3269Kb max_used=3269Kb free=116730Kb
 bounds [0x0000021e40b20000, 0x0000021e40e60000, 0x0000021e48050000]
CodeHeap 'profiled nmethods': size=120000Kb used=10964Kb max_used=10964Kb free=109035Kb
 bounds [0x0000021e395f0000, 0x0000021e3a0b0000, 0x0000021e40b20000]
CodeHeap 'non-nmethods': size=5760Kb used=2242Kb max_used=2284Kb free=3517Kb
 bounds [0x0000021e39050000, 0x0000021e392c0000, 0x0000021e395f0000]
 total_blobs=7467 nmethods=5058 adapters=735
 compilation: enabled
              stopped_count=0, restarted_count=0
 full_count=0

Compilation events (10 events):
Event: 8.080 Thread 0x0000021e4d173000 nmethod 5269 0x0000021e3a08e110 code [0x0000021e3a08e460, 0x0000021e3a08fba0]
Event: 8.080 Thread 0x0000021e4d173000 5272       3       org.codehaus.groovy.reflection.stdclasses.CachedSAMClass::isAssignableFrom (30 bytes)
Event: 8.080 Thread 0x0000021e4d173000 nmethod 5272 0x0000021e3a090310 code [0x0000021e3a090500, 0x0000021e3a090880]
Event: 8.080 Thread 0x0000021e4d173000 5268       3       org.codehaus.groovy.reflection.CachedClass$8::initValue (5 bytes)
Event: 8.080 Thread 0x0000021e4d173000 nmethod 5268 0x0000021e3a090990 code [0x0000021e3a090b40, 0x0000021e3a090cd0]
Event: 8.080 Thread 0x0000021e4d173000 5270       3       org.codehaus.groovy.reflection.CachedClass$4::initValue (5 bytes)
Event: 8.080 Thread 0x0000021e4d173000 nmethod 5270 0x0000021e3a090d90 code [0x0000021e3a090f40, 0x0000021e3a0910d0]
Event: 8.080 Thread 0x0000021e4d173000 5271       3       org.codehaus.groovy.reflection.CachedClass$4::initValue (63 bytes)
Event: 8.081 Thread 0x0000021e4d173000 nmethod 5271 0x0000021e3a091190 code [0x0000021e3a091400, 0x0000021e3a091d90]
Event: 8.084 Thread 0x0000021e4d173000 5274       1       java.beans.GenericBeanInfo::getEventSetDescriptors (5 bytes)

GC Heap History (10 events):
Event: 4.343 GC heap before
{Heap before GC invocations=2 (full 0):
 garbage-first heap   total 262144K, used 53911K [0x00000000e0000000, 0x0000000100000000)
  region size 1024K, 47 young (48128K), 9 survivors (9216K)
 Metaspace       used 20618K, capacity 21114K, committed 21296K, reserved 274432K
  class space    used 2532K, capacity 2680K, committed 2688K, reserved 253952K
}
Event: 4.350 GC heap after
{Heap after GC invocations=3 (full 0):
 garbage-first heap   total 262144K, used 17646K [0x00000000e0000000, 0x0000000100000000)
  region size 1024K, 2 young (2048K), 2 survivors (2048K)
 Metaspace       used 20618K, capacity 21114K, committed 21296K, reserved 274432K
  class space    used 2532K, capacity 2680K, committed 2688K, reserved 253952K
}
Event: 5.003 GC heap before
{Heap before GC invocations=4 (full 0):
 garbage-first heap   total 262144K, used 91374K [0x00000000e0000000, 0x0000000100000000)
  region size 1024K, 74 young (75776K), 2 survivors (2048K)
 Metaspace       used 27985K, capacity 28645K, committed 28720K, reserved 280576K
  class space    used 3715K, capacity 3948K, committed 3968K, reserved 253952K
}
Event: 5.007 GC heap after
{Heap after GC invocations=5 (full 0):
 garbage-first heap   total 262144K, used 19929K [0x00000000e0000000, 0x0000000100000000)
  region size 1024K, 4 young (4096K), 4 survivors (4096K)
 Metaspace       used 27985K, capacity 28645K, committed 28720K, reserved 280576K
  class space    used 3715K, capacity 3948K, committed 3968K, reserved 253952K
}
Event: 5.567 GC heap before
{Heap before GC invocations=5 (full 0):
 garbage-first heap   total 262144K, used 74201K [0x00000000e0000000, 0x0000000100000000)
  region size 1024K, 58 young (59392K), 4 survivors (4096K)
 Metaspace       used 34713K, capacity 35609K, committed 35708K, reserved 284672K
  class space    used 4645K, capacity 4994K, committed 5068K, reserved 253952K
}
Event: 5.573 GC heap after
{Heap after GC invocations=6 (full 0):
 garbage-first heap   total 262144K, used 22705K [0x00000000e0000000, 0x0000000100000000)
  region size 1024K, 7 young (7168K), 7 survivors (7168K)
 Metaspace       used 34713K, capacity 35609K, committed 35708K, reserved 284672K
  class space    used 4645K, capacity 4994K, committed 5068K, reserved 253952K
}
Event: 6.753 GC heap before
{Heap before GC invocations=7 (full 0):
 garbage-first heap   total 262144K, used 135345K [0x00000000e0000000, 0x0000000100000000)
  region size 1024K, 114 young (116736K), 7 survivors (7168K)
 Metaspace       used 46050K, capacity 47186K, committed 47356K, reserved 294912K
  class space    used 5952K, capacity 6372K, committed 6476K, reserved 253952K
}
Event: 6.762 GC heap after
{Heap after GC invocations=8 (full 0):
 garbage-first heap   total 262144K, used 31381K [0x00000000e0000000, 0x0000000100000000)
  region size 1024K, 15 young (15360K), 15 survivors (15360K)
 Metaspace       used 46050K, capacity 47186K, committed 47356K, reserved 294912K
  class space    used 5952K, capacity 6372K, committed 6476K, reserved 253952K
}
Event: 7.825 GC heap before
{Heap before GC invocations=8 (full 0):
 garbage-first heap   total 262144K, used 164501K [0x00000000e0000000, 0x0000000100000000)
  region size 1024K, 145 young (148480K), 15 survivors (15360K)
 Metaspace       used 54231K, capacity 55917K, committed 56188K, reserved 303104K
  class space    used 7173K, capacity 7811K, committed 7884K, reserved 253952K
}
Event: 7.837 GC heap after
{Heap after GC invocations=9 (full 0):
 garbage-first heap   total 262144K, used 38805K [0x00000000e0000000, 0x0000000100000000)
  region size 1024K, 17 young (17408K), 17 survivors (17408K)
 Metaspace       used 54231K, capacity 55917K, committed 56188K, reserved 303104K
  class space    used 7173K, capacity 7811K, committed 7884K, reserved 253952K
}

Deoptimization events (10 events):
Event: 7.910 Thread 0x0000021e4f175800 Uncommon trap: reason=unstable_if action=reinterpret pc=0x0000021e40d621ec method=java.util.HashMap.getNode(ILjava/lang/Object;)Ljava/util/HashMap$Node; @ 84 c2
Event: 7.937 Thread 0x0000021e4f175800 Uncommon trap: reason=bimorphic_or_optimized_type_check action=maybe_recompile pc=0x0000021e40c7ab70 method=java.util.Spliterators$IteratorSpliterator.tryAdvance(Ljava/util/function/Consumer;)Z @ 50 c2
Event: 7.950 Thread 0x0000021e4f175800 Uncommon trap: reason=unstable_if action=reinterpret pc=0x0000021e40d31118 method=java.util.HashMap.putVal(ILjava/lang/Object;Ljava/lang/Object;ZZ)Ljava/lang/Object; @ 109 c2
Event: 8.006 Thread 0x0000021e4f175800 Uncommon trap: reason=bimorphic_or_optimized_type_check action=maybe_recompile pc=0x0000021e40c7ab70 method=java.util.Spliterators$IteratorSpliterator.tryAdvance(Ljava/util/function/Consumer;)Z @ 50 c2
Event: 8.006 Thread 0x0000021e4f175800 Uncommon trap: reason=bimorphic_or_optimized_type_check action=maybe_recompile pc=0x0000021e40c7ab70 method=java.util.Spliterators$IteratorSpliterator.tryAdvance(Ljava/util/function/Consumer;)Z @ 50 c2
Event: 8.016 Thread 0x0000021e4f175800 Uncommon trap: reason=bimorphic_or_optimized_type_check action=maybe_recompile pc=0x0000021e40df191c method=com.google.common.collect.AbstractIndexedListIterator.next()Ljava/lang/Object; @ 27 c2
Event: 8.016 Thread 0x0000021e4f175800 Uncommon trap: reason=bimorphic_or_optimized_type_check action=maybe_recompile pc=0x0000021e40df191c method=com.google.common.collect.AbstractIndexedListIterator.next()Ljava/lang/Object; @ 27 c2
Event: 8.016 Thread 0x0000021e4f175800 Uncommon trap: reason=bimorphic_or_optimized_type_check action=maybe_recompile pc=0x0000021e40df191c method=com.google.common.collect.AbstractIndexedListIterator.next()Ljava/lang/Object; @ 27 c2
Event: 8.057 Thread 0x0000021e4f175800 Uncommon trap: reason=unstable_if action=reinterpret pc=0x0000021e40c53ff0 method=java.util.WeakHashMap.eq(Ljava/lang/Object;Ljava/lang/Object;)Z @ 2 c2
Event: 8.057 Thread 0x0000021e4f175800 Uncommon trap: reason=unstable_if action=reinterpret pc=0x0000021e40cca7ac method=java.util.StringJoiner.add(Ljava/lang/CharSequence;)Ljava/util/StringJoiner; @ 33 c2

Classes redefined (0 events):
No events

Internal exceptions (10 events):
Event: 8.069 Thread 0x0000021e4f175800 Exception <a 'java/lang/ClassNotFoundException'{0x00000000ee7403e8}: org/gradle/api/tasks/compile/JavaCompileCustomizer> (0x00000000ee7403e8) thrown at [t:/workspace/open/src/hotspot/share/classfile/systemDictionary.cpp, line 231]
Event: 8.071 Thread 0x0000021e4f175800 Exception <a 'java/lang/ClassNotFoundException'{0x00000000ee781c40}: org/gradle/api/tasks/compile/JavaCompile_DecoratedCustomizer> (0x00000000ee781c40) thrown at [t:/workspace/open/src/hotspot/share/classfile/systemDictionary.cpp, line 231]
Event: 8.079 Thread 0x0000021e4f175800 Exception <a 'java/lang/ClassNotFoundException'{0x00000000ee6dc6b0}: org/gradle/language/jvm/tasks/ProcessResources_DecoratedBeanInfo> (0x00000000ee6dc6b0) thrown at [t:/workspace/open/src/hotspot/share/classfile/systemDictionary.cpp, line 231]
Event: 8.079 Thread 0x0000021e4f175800 Exception <a 'java/lang/ClassNotFoundException'{0x00000000ee500538}: org/gradle/language/jvm/tasks/ProcessResourcesBeanInfo> (0x00000000ee500538) thrown at [t:/workspace/open/src/hotspot/share/classfile/systemDictionary.cpp, line 231]
Event: 8.079 Thread 0x0000021e4f175800 Exception <a 'java/lang/ClassNotFoundException'{0x00000000ee5148c0}: org/gradle/api/tasks/CopyBeanInfo> (0x00000000ee5148c0) thrown at [t:/workspace/open/src/hotspot/share/classfile/systemDictionary.cpp, line 231]
Event: 8.079 Thread 0x0000021e4f175800 Exception <a 'java/lang/ClassNotFoundException'{0x00000000ee52ae88}: org/gradle/api/tasks/AbstractCopyTaskBeanInfo> (0x00000000ee52ae88) thrown at [t:/workspace/open/src/hotspot/share/classfile/systemDictionary.cpp, line 231]
Event: 8.080 Thread 0x0000021e4f175800 Exception <a 'java/lang/ClassNotFoundException'{0x00000000ee5415e8}: org/gradle/api/tasks/AbstractCopyTaskCustomizer> (0x00000000ee5415e8) thrown at [t:/workspace/open/src/hotspot/share/classfile/systemDictionary.cpp, line 231]
Event: 8.082 Thread 0x0000021e4f175800 Exception <a 'java/lang/ClassNotFoundException'{0x00000000ee5c3f40}: org/gradle/api/tasks/CopyCustomizer> (0x00000000ee5c3f40) thrown at [t:/workspace/open/src/hotspot/share/classfile/systemDictionary.cpp, line 231]
Event: 8.082 Thread 0x0000021e4f175800 Exception <a 'java/lang/ClassNotFoundException'{0x00000000ee5fdbf8}: org/gradle/language/jvm/tasks/ProcessResourcesCustomizer> (0x00000000ee5fdbf8) thrown at [t:/workspace/open/src/hotspot/share/classfile/systemDictionary.cpp, line 231]
Event: 8.083 Thread 0x0000021e4f175800 Exception <a 'java/lang/ClassNotFoundException'{0x00000000ee437e40}: org/gradle/language/jvm/tasks/ProcessResources_DecoratedCustomizer> (0x00000000ee437e40) thrown at [t:/workspace/open/src/hotspot/share/classfile/systemDictionary.cpp, line 231]

Events (10 events):
Event: 8.082 loading class org/gradle/language/jvm/tasks/ProcessResourcesCustomizer
Event: 8.082 loading class org/gradle/language/jvm/tasks/ProcessResourcesCustomizer done
Event: 8.082 loading class org/gradle/language/jvm/tasks/ProcessResourcesCustomizer
Event: 8.082 loading class org/gradle/language/jvm/tasks/ProcessResourcesCustomizer done
Event: 8.083 loading class org/gradle/language/jvm/tasks/ProcessResources_DecoratedCustomizer
Event: 8.083 loading class org/gradle/language/jvm/tasks/ProcessResources_DecoratedCustomizer done
Event: 8.083 loading class org/gradle/language/jvm/tasks/ProcessResources_DecoratedCustomizer
Event: 8.083 loading class org/gradle/language/jvm/tasks/ProcessResources_DecoratedCustomizer done
Event: 8.083 loading class org/gradle/language/jvm/tasks/ProcessResources_DecoratedCustomizer
Event: 8.083 loading class org/gradle/language/jvm/tasks/ProcessResources_DecoratedCustomizer done


Dynamic libraries:
0x00007ff7adce0000 - 0x00007ff7add25000 	C:\Program Files\Java\jdk-11\bin\java.exe
0x00007ffe77690000 - 0x00007ffe77888000 	C:\WINDOWS\SYSTEM32\ntdll.dll
0x00007ffe77210000 - 0x00007ffe772cf000 	C:\WINDOWS\System32\KERNEL32.DLL
0x00007ffe74ed0000 - 0x00007ffe751c6000 	C:\WINDOWS\System32\KERNELBASE.dll
0x00007ffe77010000 - 0x00007ffe771ad000 	C:\WINDOWS\System32\USER32.dll
0x00007ffe74e00000 - 0x00007ffe74e22000 	C:\WINDOWS\System32\win32u.dll
0x00007ffe772d0000 - 0x00007ffe772fc000 	C:\WINDOWS\System32\GDI32.dll
0x00007ffe755d0000 - 0x00007ffe756e5000 	C:\WINDOWS\System32\gdi32full.dll
0x00007ffe74e30000 - 0x00007ffe74ecd000 	C:\WINDOWS\System32\msvcp_win.dll
0x00007ffe75460000 - 0x00007ffe75560000 	C:\WINDOWS\System32\ucrtbase.dll
0x00007ffe74170000 - 0x00007ffe7440a000 	C:\WINDOWS\WinSxS\amd64_microsoft.windows.common-controls_6595b64144ccf1df_6.0.19041.1110_none_60b5254171f9507e\COMCTL32.dll
0x00007ffe75830000 - 0x00007ffe758ce000 	C:\WINDOWS\System32\msvcrt.dll
0x00007ffe773b0000 - 0x00007ffe773e0000 	C:\WINDOWS\System32\IMM32.DLL
0x00007ffe6d600000 - 0x00007ffe6d616000 	C:\Program Files\Java\jdk-11\bin\vcruntime140.dll
0x00007ffe359e0000 - 0x00007ffe35a8a000 	C:\Program Files\Java\jdk-11\bin\msvcp140.dll
0x00007ffe1a9d0000 - 0x00007ffe1b511000 	C:\Program Files\Java\jdk-11\bin\server\jvm.dll
0x00007ffe759b0000 - 0x00007ffe75a5f000 	C:\WINDOWS\System32\ADVAPI32.dll
0x00007ffe76f70000 - 0x00007ffe7700c000 	C:\WINDOWS\System32\sechost.dll
0x00007ffe773f0000 - 0x00007ffe77516000 	C:\WINDOWS\System32\RPCRT4.dll
0x00007ffe75820000 - 0x00007ffe75828000 	C:\WINDOWS\System32\PSAPI.DLL
0x00007ffe5ad20000 - 0x00007ffe5ad29000 	C:\WINDOWS\SYSTEM32\WSOCK32.dll
0x00007ffe763c0000 - 0x00007ffe7642b000 	C:\WINDOWS\System32\WS2_32.dll
0x00007ffe71af0000 - 0x00007ffe71afa000 	C:\WINDOWS\SYSTEM32\VERSION.dll
0x00007ffe5f2e0000 - 0x00007ffe5f307000 	C:\WINDOWS\SYSTEM32\WINMM.dll
0x00007ffe71f30000 - 0x00007ffe71f42000 	C:\WINDOWS\SYSTEM32\kernel.appcore.dll
0x00007ffe6d5e0000 - 0x00007ffe6d5f1000 	C:\Program Files\Java\jdk-11\bin\verify.dll
0x00007ffe74720000 - 0x00007ffe74904000 	C:\WINDOWS\SYSTEM32\DBGHELP.DLL
0x00007ffe74540000 - 0x00007ffe74574000 	C:\WINDOWS\SYSTEM32\dbgcore.DLL
0x00007ffe74d70000 - 0x00007ffe74df2000 	C:\WINDOWS\System32\bcryptPrimitives.dll
0x00007ffe5dc90000 - 0x00007ffe5dcb8000 	C:\Program Files\Java\jdk-11\bin\java.dll
0x00007ffe5dda0000 - 0x00007ffe5ddb6000 	C:\Program Files\Java\jdk-11\bin\zip.dll
0x00007ffe6e0a0000 - 0x00007ffe6e0aa000 	C:\Program Files\Java\jdk-11\bin\jimage.dll
0x00007ffe76790000 - 0x00007ffe76ed4000 	C:\WINDOWS\System32\SHELL32.dll
0x00007ffe72130000 - 0x00007ffe728c3000 	C:\WINDOWS\SYSTEM32\windows.storage.dll
0x00007ffe75b70000 - 0x00007ffe75ec4000 	C:\WINDOWS\System32\combase.dll
0x00007ffe740d0000 - 0x00007ffe740fe000 	C:\WINDOWS\SYSTEM32\Wldp.dll
0x00007ffe75ac0000 - 0x00007ffe75b6d000 	C:\WINDOWS\System32\SHCORE.dll
0x00007ffe75a60000 - 0x00007ffe75ab5000 	C:\WINDOWS\System32\shlwapi.dll
0x00007ffe74cb0000 - 0x00007ffe74ccf000 	C:\WINDOWS\SYSTEM32\profapi.dll
0x00007ffe5dd30000 - 0x00007ffe5dd49000 	C:\Program Files\Java\jdk-11\bin\net.dll
0x00007ffe6bb60000 - 0x00007ffe6bc6a000 	C:\WINDOWS\SYSTEM32\WINHTTP.dll
0x00007ffe73fa0000 - 0x00007ffe7400a000 	C:\WINDOWS\system32\mswsock.dll
0x00007ffe5dc70000 - 0x00007ffe5dc83000 	C:\Program Files\Java\jdk-11\bin\nio.dll
0x00007ffe22b20000 - 0x00007ffe22b47000 	C:\Users\sumsung\.gradle\native\68d5fa5c4cc2d200863cafc0d521ce42e7d3e7ee720ec0a83991735586a16f82\windows-amd64\native-platform.dll
0x00007ffe22900000 - 0x00007ffe22a44000 	C:\Users\sumsung\.gradle\native\e376f236ea51e6404a007f0833ffe2c6e607c4080706a723a18a27aeea778392\windows-amd64\native-platform-file-events.dll
0x00007ffe5dc60000 - 0x00007ffe5dc69000 	C:\Program Files\Java\jdk-11\bin\management.dll
0x00007ffe5dc50000 - 0x00007ffe5dc5c000 	C:\Program Files\Java\jdk-11\bin\management_ext.dll
0x00007ffe74b00000 - 0x00007ffe74b18000 	C:\WINDOWS\SYSTEM32\CRYPTSP.dll
0x00007ffe737b0000 - 0x00007ffe737e4000 	C:\WINDOWS\system32\rsaenh.dll
0x00007ffe752d0000 - 0x00007ffe752f7000 	C:\WINDOWS\System32\bcrypt.dll
0x00007ffe74c70000 - 0x00007ffe74c9e000 	C:\WINDOWS\SYSTEM32\USERENV.dll
0x00007ffe74090000 - 0x00007ffe7409c000 	C:\WINDOWS\SYSTEM32\CRYPTBASE.dll
0x00007ffe73b20000 - 0x00007ffe73b5c000 	C:\WINDOWS\SYSTEM32\IPHLPAPI.DLL
0x00007ffe77640000 - 0x00007ffe77648000 	C:\WINDOWS\System32\NSI.dll
0x00007ffe6cb80000 - 0x00007ffe6cb97000 	C:\WINDOWS\SYSTEM32\dhcpcsvc6.DLL
0x00007ffe6cc70000 - 0x00007ffe6cc8d000 	C:\WINDOWS\SYSTEM32\dhcpcsvc.DLL
0x00007ffe73b60000 - 0x00007ffe73c2b000 	C:\WINDOWS\SYSTEM32\DNSAPI.dll

dbghelp: loaded successfully - version: 4.0.5 - missing functions: none
symbol engine: initialized successfully - sym options: 0x614 - pdb path: .;C:\Program Files\Java\jdk-11\bin;C:\WINDOWS\SYSTEM32;C:\WINDOWS\WinSxS\amd64_microsoft.windows.common-controls_6595b64144ccf1df_6.0.19041.1110_none_60b5254171f9507e;C:\Program Files\Java\jdk-11\bin\server;C:\Users\sumsung\.gradle\native\68d5fa5c4cc2d200863cafc0d521ce42e7d3e7ee720ec0a83991735586a16f82\windows-amd64;C:\Users\sumsung\.gradle\native\e376f236ea51e6404a007f0833ffe2c6e607c4080706a723a18a27aeea778392\windows-amd64

VM Arguments:
jvm_args: --add-opens=java.base/java.util=ALL-UNNAMED --add-opens=java.base/java.lang=ALL-UNNAMED --add-opens=java.base/java.lang.invoke=ALL-UNNAMED --add-opens=java.prefs/java.util.prefs=ALL-UNNAMED --add-opens=java.base/java.nio.charset=ALL-UNNAMED --add-opens=java.base/java.net=ALL-UNNAMED --add-opens=java.base/java.util.concurrent.atomic=ALL-UNNAMED -XX:MaxMetaspaceSize=256m -XX:+HeapDumpOnOutOfMemoryError -Xms256m -Xmx512m -Dfile.encoding=x-windows-949 -Duser.country=KR -Duser.language=ko -Duser.variant 
java_command: org.gradle.launcher.daemon.bootstrap.GradleDaemon 7.6.1
java_class_path (initial): C:\Users\sumsung\.gradle\wrapper\dists\gradle-7.6.1-bin\2clxi94ab3brv6467628wnxmd\gradle-7.6.1\lib\gradle-launcher-7.6.1.jar
Launcher Type: SUN_STANDARD

[Global flags]
     intx CICompilerCount                          = 4                                         {product} {ergonomic}
   size_t CompressedClassSpaceSize                 = 260046848                                 {product} {ergonomic}
     uint ConcGCThreads                            = 2                                         {product} {ergonomic}
     uint G1ConcRefinementThreads                  = 8                                         {product} {ergonomic}
   size_t G1HeapRegionSize                         = 1048576                                   {product} {ergonomic}
    uintx GCDrainStackTargetSize                   = 64                                        {product} {ergonomic}
     bool HeapDumpOnOutOfMemoryError               = true                                   {manageable} {command line}
   size_t InitialHeapSize                          = 268435456                                 {product} {command line}
   size_t MarkStackSize                            = 4194304                                   {product} {ergonomic}
   size_t MaxHeapSize                              = 536870912                                 {product} {command line}
   size_t MaxMetaspaceSize                         = 268435456                                 {product} {command line}
   size_t MaxNewSize                               = 321912832                                 {product} {ergonomic}
   size_t MinHeapDeltaBytes                        = 1048576                                   {product} {ergonomic}
    uintx NonNMethodCodeHeapSize                   = 5835340                                {pd product} {ergonomic}
    uintx NonProfiledCodeHeapSize                  = 122911450                              {pd product} {ergonomic}
    uintx ProfiledCodeHeapSize                     = 122911450                              {pd product} {ergonomic}
    uintx ReservedCodeCacheSize                    = 251658240                              {pd product} {ergonomic}
     bool SegmentedCodeCache                       = true                                      {product} {ergonomic}
     bool UseCompressedClassPointers               = true                                 {lp64_product} {ergonomic}
     bool UseCompressedOops                        = true                                 {lp64_product} {ergonomic}
     bool UseG1GC                                  = true                                      {product} {ergonomic}
     bool UseLargePagesIndividualAllocation        = false                                  {pd product} {ergonomic}

Logging:
Log output configuration:
 #0: stdout all=warning uptime,level,tags
 #1: stderr all=off uptime,level,tags

Environment Variables:
JAVA_HOME=C:\Program Files\Java\jdk-17\bin
PATH=C:\app\Administrator\product\21c\dbhomeXE\bin;C:\Download\WINDOWS.X64_193000_db_home\bin;C:\app\sumsung\product\21c\dbhomeXE\bin;C:\Program Files\Common Files\Oracle\Java\javapath;C:\oracle\bin;C:\Program Files (x86)\Common Files\Intel\Shared Libraries\redist\intel64\compiler;C:\Program Files (x86)\Common Files\Oracle\Java\javapath;C:\WINDOWS\system32;C:\WINDOWS;C:\WINDOWS\System32\Wbem;C:\WINDOWS\System32\WindowsPowerShell\v1.0\;C:\Program Files\Microsoft SQL Server\130\Tools\Binn\;C:\WINDOWS\System32\OpenSSH\;C:\MinGW\bin;C:\WINDOWS\system32;C:\WINDOWS;C:\WINDOWS\System32\Wbem;C:\WINDOWS\System32\WindowsPowerShell\v1.0\;C:\WINDOWS\System32\OpenSSH\;C:\Program Files\Java\jdk-11.0.16.1\bin;C:\Users\sumsung\Documents\apache-maven-3.8.6-bin\apache-maven-3.8.6\bin;C:\Program Files\MySQL\MySQL Server 8.0\bin;C:\Program Files\Git\cmd;C:\Users\sumsung\AppData\Local\Programs\Python\Python37\Scripts\;C:\Users\sumsung\AppData\Local\Programs\Python\Python37\;C:\Users\sumsung\AppData\Local\Microsoft\WindowsApps;C:\Users\sumsung\AppData\Local\atom\bin;C:\MinGW\bin;C:\Users\sumsung\AppData\Local\Microsoft\WindowsApps;C:\Program Files\JetBrains\PyCharm 2020.2.4\bin;;C:\Program Files\NVIDIA GPU Computing Toolkit\CUDA\v10.1\bin;C:\Program Files\NVIDIA GPU Computing Toolkit\CUDA\v10.1\extras\CUPTI\libx64;C:\Program Files\NVIDIA GPU Computing Toolkit\CUDA\v10.1\include;C:\Users\sumsung\AppData\Local\Programs\Microsoft VS Code\bin;C:\Users\sumsung\IntelliJ IDEA Community Edition 2022.3.1\bin;;C:\Program Files (x86)\GitHub CLI\;C:\Users\sumsung\AppData\Local\GitHubDesktop\bin
USERNAME=sumsung
OS=Windows_NT
PROCESSOR_IDENTIFIER=Intel64 Family 6 Model 158 Stepping 9, GenuineIntel



---------------  S Y S T E M  ---------------

OS: Windows 10 , 64 bit Build 19041 (10.0.19041.2913)

CPU:total 8 (initial active 8) (4 cores per cpu, 2 threads per core) family 6 model 158 stepping 9, cmov, cx8, fxsr, mmx, sse, sse2, sse3, ssse3, sse4.1, sse4.2, popcnt, avx, avx2, aes, clmul, erms, 3dnowpref, lzcnt, ht, tsc, tscinvbit, bmi1, bmi2, adx, fma

Memory: 4k page, system-wide physical 16298M (944M free)
TotalPageFile size 23934M (AvailPageFile size 9M)
current process WorkingSet (physical memory assigned to process): 380M, peak: 382M
current process commit charge ("private bytes"): 497M, peak: 501M

vm_info: OpenJDK 64-Bit Server VM (11+28) for windows-amd64 JRE (11+28), built on Aug 23 2018 03:04:58 by "mach5one" with MS VC++ 15.5 (VS2017)

END.
